Mar 19, 2025 10:15:08 AM seedu.nursesched.parser.ShiftParser extractInputs
INFO: Extracting inputs from: shift add s/10:00 e/11:00 d/2022-02-02 st/test
Mar 19, 2025 10:15:08 AM seedu.nursesched.parser.ShiftParser getShiftAddParser
INFO: Parsing add command: s/10:00 e/11:00 d/2022-02-02 st/test
Mar 19, 2025 10:15:08 AM seedu.nursesched.parser.ShiftParser <init>
INFO: ShiftParser created: seedu.nursesched.parser.ShiftParser@4534b60d
Mar 19, 2025 10:15:55 AM seedu.nursesched.parser.ShiftParser extractInputs
INFO: Extracting inputs from: shift add s/10:00 e/11:00 d/2004-01-01 st/test
Mar 19, 2025 10:15:55 AM seedu.nursesched.parser.ShiftParser getShiftAddParser
INFO: Parsing add command: s/10:00 e/11:00 d/2004-01-01 st/test
Mar 19, 2025 10:15:55 AM seedu.nursesched.parser.ShiftParser <init>
INFO: ShiftParser created: seedu.nursesched.parser.ShiftParser@6aa8e115
Mar 19, 2025 10:18:18 AM seedu.nursesched.parser.ShiftParser extractInputs
INFO: Extracting inputs from: shift add s/10:00 e/11:00 d/2004-01-01 st/test
Mar 19, 2025 10:18:18 AM seedu.nursesched.parser.ShiftParser getShiftAddParser
INFO: Parsing add command: s/10:00 e/11:00 d/2004-01-01 st/test
Mar 19, 2025 10:18:18 AM seedu.nursesched.parser.ShiftParser <init>
INFO: ShiftParser created: seedu.nursesched.parser.ShiftParser@6aa8e115
Mar 19, 2025 10:19:53 AM seedu.nursesched.parser.ShiftParser extractInputs
INFO: Extracting inputs from: shift add s/10:00 e/11:00 d/2004-01-01 st/test
Mar 19, 2025 10:19:53 AM seedu.nursesched.parser.ShiftParser getShiftAddParser
INFO: Parsing add command: s/10:00 e/11:00 d/2004-01-01 st/test
Mar 19, 2025 10:19:53 AM seedu.nursesched.parser.ShiftParser <init>
INFO: ShiftParser created: seedu.nursesched.parser.ShiftParser@6aa8e115
Mar 19, 2025 10:21:20 AM seedu.nursesched.parser.ShiftParser extractInputs
INFO: Extracting inputs from: shift add s/10:00 e/11:00 d/2004-01-01 st/test
Mar 19, 2025 10:21:20 AM seedu.nursesched.parser.ShiftParser getShiftAddParser
INFO: Parsing add command: s/10:00 e/11:00 d/2004-01-01 st/test
Mar 19, 2025 10:21:20 AM seedu.nursesched.parser.ShiftParser <init>
INFO: ShiftParser created: seedu.nursesched.parser.ShiftParser@6aa8e115
Mar 19, 2025 10:23:00 AM seedu.nursesched.parser.ShiftParser extractInputs
INFO: Extracting inputs from: shift add s/10:00 e/11:00 d/2004-01-01 st/test
Mar 19, 2025 10:23:00 AM seedu.nursesched.parser.ShiftParser getShiftAddParser
INFO: Parsing add command: s/10:00 e/11:00 d/2004-01-01 st/test
Mar 19, 2025 10:23:00 AM seedu.nursesched.parser.ShiftParser <init>
INFO: ShiftParser created: seedu.nursesched.parser.ShiftParser@6aa8e115
Mar 19, 2025 10:24:54 AM seedu.nursesched.parser.ShiftParser extractInputs
INFO: Extracting inputs from: shift add s/10:00 e/11:00 d/2004-01-01 st/test
Mar 19, 2025 10:24:54 AM seedu.nursesched.parser.ShiftParser getShiftAddParser
INFO: Parsing add command: s/10:00 e/11:00 d/2004-01-01 st/test
Mar 19, 2025 10:24:54 AM seedu.nursesched.parser.ShiftParser <init>
INFO: ShiftParser created: seedu.nursesched.parser.ShiftParser@6aa8e115
Mar 19, 2025 10:25:26 AM seedu.nursesched.parser.ShiftParser extractInputs
INFO: Extracting inputs from: shift add s/10:00 e/11:00 d/2004-01-01 st/test
Mar 19, 2025 10:25:26 AM seedu.nursesched.parser.ShiftParser getShiftAddParser
INFO: Parsing add command: s/10:00 e/11:00 d/2004-01-01 st/test
Mar 19, 2025 10:25:26 AM seedu.nursesched.parser.ShiftParser <init>
INFO: ShiftParser created: seedu.nursesched.parser.ShiftParser@6aa8e115
Mar 19, 2025 10:25:47 AM seedu.nursesched.parser.ShiftParser extractInputs
INFO: Extracting inputs from: shift add s/10:00 e/11:00 d/2004-01-01 st/test
Mar 19, 2025 10:25:47 AM seedu.nursesched.parser.ShiftParser getShiftAddParser
INFO: Parsing add command: s/10:00 e/11:00 d/2004-01-01 st/test
Mar 19, 2025 10:25:47 AM seedu.nursesched.parser.ShiftParser <init>
INFO: ShiftParser created: seedu.nursesched.parser.ShiftParser@6aa8e115
Mar 19, 2025 11:27:16 AM seedu.nursesched.parser.ShiftParser extractInputs
INFO: Extracting inputs from: shift add s/10:00 e/11:00 d/2004-01-01 st/test
Mar 19, 2025 11:27:16 AM seedu.nursesched.parser.ShiftParser getShiftAddParser
INFO: Parsing add command: s/10:00 e/11:00 d/2004-01-01 st/test
Mar 19, 2025 11:27:16 AM seedu.nursesched.parser.ShiftParser <init>
INFO: ShiftParser created: seedu.nursesched.parser.ShiftParser@6aa8e115
Mar 19, 2025 11:27:56 AM seedu.nursesched.parser.ShiftParser extractInputs
INFO: Extracting inputs from: shift add s/10:00 e/11:00 d/2004-01-01 st/test
Mar 19, 2025 11:27:56 AM seedu.nursesched.parser.ShiftParser getShiftAddParser
INFO: Parsing add command: s/10:00 e/11:00 d/2004-01-01 st/test
Mar 19, 2025 11:27:56 AM seedu.nursesched.parser.ShiftParser <init>
INFO: ShiftParser created: seedu.nursesched.parser.ShiftParser@6aa8e115
Mar 19, 2025 11:22:04 PM seedu.nursesched.parser.ShiftParser extractInputs
INFO: Extracting inputs from: shift add s/10:00 e/11:00 d/2022-02-02 st/test
Mar 19, 2025 11:22:04 PM seedu.nursesched.parser.ShiftParser getShiftAddParser
INFO: Parsing add command: s/10:00 e/11:00 d/2022-02-02 st/test
Mar 19, 2025 11:22:04 PM seedu.nursesched.parser.ShiftParser <init>
INFO: ShiftParser created: seedu.nursesched.parser.ShiftParser@4534b60d
Mar 19, 2025 11:24:24 PM seedu.nursesched.parser.ShiftParser extractInputs
INFO: Extracting inputs from: shift add s/10:00 e/11:00 d/2022-02-02 st/test
Mar 19, 2025 11:24:24 PM seedu.nursesched.parser.ShiftParser getShiftAddParser
INFO: Parsing add command: s/10:00 e/11:00 d/2022-02-02 st/test
Mar 19, 2025 11:24:24 PM seedu.nursesched.parser.ShiftParser <init>
INFO: ShiftParser created: seedu.nursesched.parser.ShiftParser@4534b60d
Mar 19, 2025 11:26:03 PM seedu.nursesched.parser.ShiftParser extractInputs
INFO: Extracting inputs from: shift add s/10:00 e/11:00 d/2022-02-02 st/test
Mar 19, 2025 11:26:03 PM seedu.nursesched.parser.ShiftParser getShiftAddParser
INFO: Parsing add command: s/10:00 e/11:00 d/2022-02-02 st/test
Mar 19, 2025 11:26:03 PM seedu.nursesched.parser.ShiftParser <init>
INFO: ShiftParser created: seedu.nursesched.parser.ShiftParser@4534b60d
Mar 19, 2025 11:27:55 PM seedu.nursesched.parser.ShiftParser extractInputs
INFO: Extracting inputs from: shift add s/10:00 e/11:00 d/2022-02-02 st/test
Mar 19, 2025 11:27:55 PM seedu.nursesched.parser.ShiftParser getShiftAddParser
INFO: Parsing add command: s/10:00 e/11:00 d/2022-02-02 st/test
Mar 19, 2025 11:27:55 PM seedu.nursesched.parser.ShiftParser <init>
INFO: ShiftParser created: seedu.nursesched.parser.ShiftParser@4534b60d
