Mar 19, 2025 10:07:58 AM seedu.nursesched.shift.Shift <init>
INFO: Shift created: From: 10:00, To: 11:00, Date: 2022-02-02, shiftTask: test
Mar 19, 2025 10:07:59 AM seedu.nursesched.shift.Shift addShift
INFO: Shift added: From: 10:00, To: 11:00, Date: 2022-02-02, shiftTask: test
Mar 19, 2025 10:08:06 AM seedu.nursesched.shift.Shift deleteShiftByIndex
INFO: Shift deleted: From: 10:00, To: 11:00, Date: 2022-02-02, shiftTask: test
Mar 19, 2025 10:15:08 AM seedu.nursesched.shift.Shift <init>
INFO: Shift created: From: 10:00, To: 11:00, Date: 2022-02-02, shiftTask: test
Mar 19, 2025 10:15:08 AM seedu.nursesched.shift.Shift addShift
INFO: Shift added: From: 10:00, To: 11:00, Date: 2022-02-02, shiftTask: test
Mar 19, 2025 10:15:16 AM seedu.nursesched.shift.Shift deleteShiftByIndex
WARNING: Attempted to delete shift with invalid index: 1
Mar 19, 2025 10:15:22 AM seedu.nursesched.shift.Shift deleteShiftByIndex
INFO: Shift deleted: From: 10:00, To: 11:00, Date: 2022-02-02, shiftTask: test
Mar 19, 2025 10:15:55 AM seedu.nursesched.shift.Shift <init>
INFO: Shift created: From: 10:00, To: 11:00, Date: 2004-01-01, shiftTask: test
Mar 19, 2025 10:15:55 AM seedu.nursesched.shift.Shift <init>
INFO: Shift created: From: 10:00, To: 11:00, Date: 2004-01-01, shiftTask: test
Mar 19, 2025 10:15:55 AM seedu.nursesched.shift.Shift <init>
INFO: Shift created: From: 10:00, To: 11:00, Date: 2004-01-01, shiftTask: test
Mar 19, 2025 10:18:18 AM seedu.nursesched.shift.Shift <init>
INFO: Shift created: From: 10:00, To: 11:00, Date: 2004-01-01, shiftTask: test
Mar 19, 2025 10:18:18 AM seedu.nursesched.shift.Shift <init>
INFO: Shift created: From: 10:00, To: 11:00, Date: 2004-01-01, shiftTask: test
Mar 19, 2025 10:18:18 AM seedu.nursesched.shift.Shift <init>
INFO: Shift created: From: 10:00, To: 11:00, Date: 2004-01-01, shiftTask: test
Mar 19, 2025 10:19:53 AM seedu.nursesched.shift.Shift <init>
INFO: Shift created: From: 10:00, To: 11:00, Date: 2004-01-01, shiftTask: test
Mar 19, 2025 10:19:53 AM seedu.nursesched.shift.Shift <init>
INFO: Shift created: From: 10:00, To: 11:00, Date: 2004-01-01, shiftTask: test
Mar 19, 2025 10:19:53 AM seedu.nursesched.shift.Shift <init>
INFO: Shift created: From: 10:00, To: 11:00, Date: 2004-01-01, shiftTask: test
Mar 19, 2025 10:21:20 AM seedu.nursesched.shift.Shift <init>
INFO: Shift created: From: 10:00, To: 11:00, Date: 2004-01-01, shiftTask: test
Mar 19, 2025 10:21:20 AM seedu.nursesched.shift.Shift <init>
INFO: Shift created: From: 10:00, To: 11:00, Date: 2004-01-01, shiftTask: test
Mar 19, 2025 10:21:20 AM seedu.nursesched.shift.Shift <init>
INFO: Shift created: From: 10:00, To: 11:00, Date: 2004-01-01, shiftTask: test
Mar 19, 2025 10:23:00 AM seedu.nursesched.shift.Shift <init>
INFO: Shift created: From: 10:00, To: 11:00, Date: 2004-01-01, shiftTask: test
Mar 19, 2025 10:23:00 AM seedu.nursesched.shift.Shift <init>
INFO: Shift created: From: 10:00, To: 11:00, Date: 2004-01-01, shiftTask: test
Mar 19, 2025 10:23:00 AM seedu.nursesched.shift.Shift <init>
INFO: Shift created: From: 10:00, To: 11:00, Date: 2004-01-01, shiftTask: test
Mar 19, 2025 10:24:54 AM seedu.nursesched.shift.Shift <init>
INFO: Shift created: From: 10:00, To: 11:00, Date: 2004-01-01, shiftTask: test
Mar 19, 2025 10:24:54 AM seedu.nursesched.shift.Shift <init>
INFO: Shift created: From: 10:00, To: 11:00, Date: 2004-01-01, shiftTask: test
Mar 19, 2025 10:24:54 AM seedu.nursesched.shift.Shift <init>
INFO: Shift created: From: 10:00, To: 11:00, Date: 2004-01-01, shiftTask: test
Mar 19, 2025 10:25:26 AM seedu.nursesched.shift.Shift <init>
INFO: Shift created: From: 10:00, To: 11:00, Date: 2004-01-01, shiftTask: test
Mar 19, 2025 10:25:26 AM seedu.nursesched.shift.Shift <init>
INFO: Shift created: From: 10:00, To: 11:00, Date: 2004-01-01, shiftTask: test
Mar 19, 2025 10:25:26 AM seedu.nursesched.shift.Shift <init>
INFO: Shift created: From: 10:00, To: 11:00, Date: 2004-01-01, shiftTask: test
Mar 19, 2025 10:25:47 AM seedu.nursesched.shift.Shift <init>
INFO: Shift created: From: 10:00, To: 11:00, Date: 2004-01-01, shiftTask: test
Mar 19, 2025 10:25:47 AM seedu.nursesched.shift.Shift <init>
INFO: Shift created: From: 10:00, To: 11:00, Date: 2004-01-01, shiftTask: test
Mar 19, 2025 10:25:47 AM seedu.nursesched.shift.Shift <init>
INFO: Shift created: From: 10:00, To: 11:00, Date: 2004-01-01, shiftTask: test
Mar 19, 2025 11:27:16 AM seedu.nursesched.shift.Shift <init>
INFO: Shift created: From: 10:00, To: 11:00, Date: 2004-01-01, shiftTask: test
Mar 19, 2025 11:27:16 AM seedu.nursesched.shift.Shift <init>
INFO: Shift created: From: 10:00, To: 11:00, Date: 2004-01-01, shiftTask: test
Mar 19, 2025 11:27:16 AM seedu.nursesched.shift.Shift <init>
INFO: Shift created: From: 10:00, To: 11:00, Date: 2004-01-01, shiftTask: test
Mar 19, 2025 11:27:56 AM seedu.nursesched.shift.Shift <init>
INFO: Shift created: From: 10:00, To: 11:00, Date: 2004-01-01, shiftTask: test
Mar 19, 2025 11:27:56 AM seedu.nursesched.shift.Shift <init>
INFO: Shift created: From: 10:00, To: 11:00, Date: 2004-01-01, shiftTask: test
Mar 19, 2025 11:27:56 AM seedu.nursesched.shift.Shift <init>
INFO: Shift created: From: 10:00, To: 11:00, Date: 2004-01-01, shiftTask: test
